============================= test session starts ==============================
platform linux -- Python 3.10.17, pytest-9.0.2, pluggy-1.6.0
rootdir: /home/archivara/work/repo
plugins: cov-7.0.0, anyio-4.12.1
collected 57 items

tests/test_bodies.py ................                                    [ 28%]
tests/test_forces.py ........                                            [ 42%]
tests/test_forces_optimized.py ....                                      [ 49%]
tests/test_integrators.py .......                                        [ 61%]
tests/test_metrics.py ............                                       [ 82%]
tests/test_tree.py ..........                                            [100%]

================================ tests coverage ================================
_______________ coverage: platform linux, python 3.10.17-final-0 _______________

Name                      Stmts   Miss  Cover   Missing
-------------------------------------------------------
src/__init__.py               0      0   100%
src/bodies.py                93      1    99%   199
src/forces.py                26      0   100%
src/forces_optimized.py      20      0   100%
src/integrators.py           35     10    71%   158-172
src/metrics.py               41      9    78%   151-155, 177-181
src/tree.py                 114      3    97%   90, 181, 211
-------------------------------------------------------
TOTAL                       329     23    93%
============================== 57 passed in 8.15s ==============================
