============================= test session starts ==============================
platform linux -- Python 3.10.17, pytest-9.0.2, pluggy-1.6.0 -- /usr/local/bin/python
cachedir: .pytest_cache
rootdir: /home/archivara/work/repo
plugins: cov-7.0.0, anyio-4.12.1
collecting ... collected 57 items

tests/test_bodies.py::TestSystem::test_system_properties PASSED          [  1%]
tests/test_bodies.py::TestSystem::test_system_copy PASSED                [  3%]
tests/test_bodies.py::TestKeplerOrbit::test_two_bodies PASSED            [  5%]
tests/test_bodies.py::TestKeplerOrbit::test_center_of_mass_at_origin PASSED [  7%]
tests/test_bodies.py::TestKeplerOrbit::test_com_velocity_zero PASSED     [  8%]
tests/test_bodies.py::TestKeplerOrbit::test_circular_velocity PASSED     [ 10%]
tests/test_bodies.py::TestKeplerOrbit::test_eccentricity_raises PASSED   [ 12%]
tests/test_bodies.py::TestKeplerOrbit::test_3d_kepler PASSED             [ 14%]
tests/test_bodies.py::TestCircularRing::test_correct_count PASSED        [ 15%]
tests/test_bodies.py::TestCircularRing::test_radii PASSED                [ 17%]
tests/test_bodies.py::TestCircularRing::test_equal_masses PASSED         [ 19%]
tests/test_bodies.py::TestPlummerSphere::test_correct_count PASSED       [ 21%]
tests/test_bodies.py::TestPlummerSphere::test_total_mass PASSED          [ 22%]
tests/test_bodies.py::TestPlummerSphere::test_com_at_origin PASSED       [ 24%]
tests/test_bodies.py::TestPlummerSphere::test_reproducible_seed PASSED   [ 26%]
tests/test_bodies.py::TestPlummerSphere::test_3d_plummer PASSED          [ 28%]
tests/test_forces.py::TestPairwiseForce::test_inverse_square_law PASSED  [ 29%]
tests/test_forces.py::TestPairwiseForce::test_softened_force_finite_at_zero PASSED [ 31%]
tests/test_forces.py::TestPairwiseForce::test_softening_reduces_close_force PASSED [ 33%]
tests/test_forces.py::TestComputeForces::test_newtons_third_law PASSED   [ 35%]
tests/test_forces.py::TestComputeForces::test_two_body_analytical PASSED [ 36%]
tests/test_forces.py::TestComputeForces::test_vectorized_matches_loop PASSED [ 38%]
tests/test_forces.py::TestComputeForces::test_three_body_conservation PASSED [ 40%]
tests/test_forces.py::TestComputeForces::test_single_body_zero_force PASSED [ 42%]
tests/test_forces_optimized.py::TestComputeForcesSymmetric::test_matches_bruteforce PASSED [ 43%]
tests/test_forces_optimized.py::TestComputeForcesSymmetric::test_single_body PASSED [ 45%]
tests/test_forces_optimized.py::TestComputeForcesSymmetric::test_newtons_third_law PASSED [ 47%]
tests/test_forces_optimized.py::TestComputeForcesSymmetric::test_memory_efficiency PASSED [ 49%]
tests/test_integrators.py::TestEulerStep::test_free_particle PASSED      [ 50%]
tests/test_integrators.py::TestEulerStep::test_constant_acceleration PASSED [ 52%]
tests/test_integrators.py::TestLeapfrogStep::test_free_particle PASSED   [ 54%]
tests/test_integrators.py::TestLeapfrogStep::test_harmonic_oscillator_energy PASSED [ 56%]
tests/test_integrators.py::TestLeapfrogStep::test_time_reversibility PASSED [ 57%]
tests/test_integrators.py::TestYoshida4Step::test_higher_accuracy_than_leapfrog PASSED [ 59%]
tests/test_integrators.py::TestYoshida4Step::test_fourth_order_convergence PASSED [ 61%]
tests/test_metrics.py::TestKineticEnergy::test_formula PASSED            [ 63%]
tests/test_metrics.py::TestKineticEnergy::test_zero_velocity PASSED      [ 64%]
tests/test_metrics.py::TestKineticEnergy::test_multiple_bodies PASSED    [ 66%]
tests/test_metrics.py::TestPotentialEnergy::test_two_body PASSED         [ 68%]
tests/test_metrics.py::TestPotentialEnergy::test_symmetry PASSED         [ 70%]
tests/test_metrics.py::TestPotentialEnergy::test_vectorized_matches_loop PASSED [ 71%]
tests/test_metrics.py::TestPotentialEnergy::test_negative_for_bound PASSED [ 73%]
tests/test_metrics.py::TestTotalMomentum::test_zero_for_symmetric PASSED [ 75%]
tests/test_metrics.py::TestTotalMomentum::test_correct_sum PASSED        [ 77%]
tests/test_metrics.py::TestAngularMomentum::test_circular_orbit PASSED   [ 78%]
tests/test_metrics.py::TestAngularMomentum::test_radial_motion_zero_L PASSED [ 80%]
tests/test_metrics.py::TestConservationInvariant::test_trivial_invariant PASSED [ 82%]
tests/test_tree.py::TestBuildTree::test_single_body PASSED               [ 84%]
tests/test_tree.py::TestBuildTree::test_two_bodies PASSED                [ 85%]
tests/test_tree.py::TestBuildTree::test_100_bodies_partition PASSED      [ 87%]
tests/test_tree.py::TestBuildTree::test_500_bodies PASSED                [ 89%]
tests/test_tree.py::TestComputeForcesTree::test_force_error_theta_05 PASSED [ 91%]
tests/test_tree.py::TestComputeForcesTree::test_force_error_theta_03 PASSED [ 92%]
tests/test_tree.py::TestComputeForcesTree::test_theta_zero_matches_bruteforce PASSED [ 94%]
tests/test_tree.py::TestComputeForcesTree::test_single_body_zero_force PASSED [ 96%]
tests/test_tree.py::TestComputeForcesTree::test_two_body_symmetry PASSED [ 98%]
tests/test_tree.py::TestScaling::test_nlogn_scaling PASSED               [100%]

============================== 57 passed in 3.00s ==============================
